\BOOKMARK [0][-]{chapter.1}{\376\377\000I\000n\000t\000r\000o\000d\000u\000c\000t\000i\000o\000n}{}% 1
\BOOKMARK [0][-]{chapter.2}{\376\377\000I\000m\000p\000l\000e\000m\000e\000n\000t\000a\000t\000i\000o\000n}{}% 2
\BOOKMARK [1][-]{section.2.1}{\376\377\000T\000a\000s\000k\000\040\0001}{chapter.2}% 3
\BOOKMARK [2][-]{subsection.2.1.1}{\376\377\000A\000l\000g\000o\000r\000i\000t\000h\000m\000\040\000O\000v\000e\000r\000v\000i\000e\000w}{section.2.1}% 4
\BOOKMARK [2][-]{subsection.2.1.2}{\376\377\000I\000m\000p\000l\000e\000m\000e\000n\000t\000a\000t\000i\000o\000n\000\040\000D\000e\000t\000a\000i\000l\000s}{section.2.1}% 5
\BOOKMARK [1][-]{section.2.2}{\376\377\000T\000a\000s\000k\000\040\0002}{chapter.2}% 6
\BOOKMARK [2][-]{subsection.2.2.1}{\376\377\000A\000l\000g\000o\000r\000i\000t\000h\000m\000\040\000O\000v\000e\000r\000v\000i\000e\000w}{section.2.2}% 7
\BOOKMARK [2][-]{subsection.2.2.2}{\376\377\000I\000m\000p\000l\000e\000m\000e\000n\000t\000a\000t\000i\000o\000n\000\040\000D\000e\000t\000a\000i\000l\000s}{section.2.2}% 8
\BOOKMARK [1][-]{section.2.3}{\376\377\000T\000a\000s\000k\000\040\0003}{chapter.2}% 9
\BOOKMARK [2][-]{subsection.2.3.1}{\376\377\000A\000l\000g\000o\000r\000i\000t\000h\000m\000\040\000O\000v\000e\000r\000v\000i\000e\000w}{section.2.3}% 10
\BOOKMARK [2][-]{subsection.2.3.2}{\376\377\000I\000m\000p\000l\000e\000m\000e\000n\000t\000a\000t\000i\000o\000n\000\040\000D\000e\000t\000a\000i\000l\000s}{section.2.3}% 11
\BOOKMARK [1][-]{section.2.4}{\376\377\000Q\000u\000e\000s\000t\000i\000o\000n\000\040\000A\000n\000s\000w\000e\000r\000i\000n\000g}{chapter.2}% 12
\BOOKMARK [0][-]{chapter.3}{\376\377\000A\000n\000a\000l\000y\000s\000i\000s\000\040\000a\000n\000d\000\040\000D\000i\000s\000c\000u\000s\000s\000i\000o\000n\000s}{}% 13
\BOOKMARK [1][-]{section.3.1}{\376\377\000H\000o\000w\000\040\000t\000o\000\040\000R\000u\000n\000\040\000t\000h\000e\000\040\000C\000o\000d\000e}{chapter.3}% 14
\BOOKMARK [2][-]{subsection.3.1.1}{\376\377\000T\000r\000a\000i\000n\000i\000n\000g}{section.3.1}% 15
\BOOKMARK [2][-]{subsection.3.1.2}{\376\377\000E\000v\000a\000l\000u\000a\000t\000i\000o\000n}{section.3.1}% 16
\BOOKMARK [1][-]{section.3.2}{\376\377\000E\000v\000a\000l\000u\000a\000t\000i\000o\000n\000\040\000s\000c\000o\000r\000e\000\040\000v\000e\000r\000s\000u\000s\000\040\000e\000n\000v\000i\000r\000o\000n\000m\000e\000n\000t\000\040\000s\000t\000e\000p\000s}{chapter.3}% 17
\BOOKMARK [1][-]{section.3.3}{\376\377\000E\000v\000a\000l\000u\000a\000t\000i\000o\000n\000\040\000R\000e\000s\000u\000l\000t\000s}{chapter.3}% 18
\BOOKMARK [2][-]{subsection.3.3.1}{\376\377\000T\000a\000s\000k\000\040\0001}{section.3.3}% 19
\BOOKMARK [2][-]{subsection.3.3.2}{\376\377\000T\000a\000s\000k\000\040\0002}{section.3.3}% 20
\BOOKMARK [2][-]{subsection.3.3.3}{\376\377\000T\000a\000s\000k\000\040\0003}{section.3.3}% 21
\BOOKMARK [1][-]{section.3.4}{\376\377\000A\000n\000a\000l\000y\000z\000e\000\040\000t\000h\000e\000\040\000s\000a\000m\000p\000l\000e\000\040\000e\000f\000f\000i\000c\000i\000e\000n\000c\000y\000\040\000w\000i\000t\000h\000\040\000a\000n\000d\000\040\000w\000i\000t\000h\000o\000u\000t\000\040\000t\000h\000e\000\040\000D\000Q\000N\000\040\000e\000n\000h\000a\000n\000c\000e\000m\000e\000n\000t\000s}{chapter.3}% 22
\BOOKMARK [1][-]{section.3.5}{\376\377\000A\000b\000l\000a\000t\000i\000o\000n\000\040\000s\000t\000u\000d\000y}{chapter.3}% 23
\BOOKMARK [1][-]{section.3.6}{\376\377\000A\000d\000d\000i\000t\000i\000o\000n\000a\000l\000\040\000a\000n\000a\000l\000y\000s\000i\000s\000\040\000o\000n\000\040\000o\000t\000h\000e\000r\000\040\000t\000r\000a\000i\000n\000i\000n\000g\000\040\000s\000t\000r\000a\000t\000e\000g\000i\000e\000s\000\040\000\050\000B\000o\000n\000u\000s\000\051}{chapter.3}% 24
\BOOKMARK [2][-]{subsection.3.6.1}{\376\377\000D\000u\000e\000l\000i\000n\000g\000\040\000D\000Q\000N}{section.3.6}% 25
\BOOKMARK [2][-]{subsection.3.6.2}{\376\377\000N\000o\000i\000s\000y\000N\000e\000t}{section.3.6}% 26
\BOOKMARK [2][-]{subsection.3.6.3}{\376\377\000D\000i\000s\000t\000r\000i\000b\000u\000t\000i\000o\000n\000a\000l\000\040\000D\000Q\000N\000\040\000\050\000C\0005\0001\000\051}{section.3.6}% 27
\BOOKMARK [2][-]{subsection.3.6.4}{\376\377\000S\000u\000m\000m\000a\000r\000y}{section.3.6}% 28
